2022-03-24 14:56:18.174 INFO  com.dawn.wiki.config.WikiApplication                     :55   [32m                  [0;39m Starting WikiApplication using Java 1.8.0_301 on LAPTOP-OAE5FSJP with PID 14552 (D:\IdeaProjects\wiki\target\classes started by 12614 in D:\IdeaProjects\wiki)
2022-03-24 14:56:18.177 INFO  com.dawn.wiki.config.WikiApplication                     :640  [32m                  [0;39m No active profile set, falling back to 1 default profile: "default"
2022-03-24 14:56:18.677 INFO  o.s.boot.web.embedded.tomcat.TomcatWebServer      :108  [32m                  [0;39m Tomcat initialized with port(s): 8080 (http)
2022-03-24 14:56:18.684 INFO  org.apache.coyote.http11.Http11NioProtocol        :173  [32m                  [0;39m Initializing ProtocolHandler ["http-nio-8080"]
2022-03-24 14:56:18.684 INFO  org.apache.catalina.core.StandardService          :173  [32m                  [0;39m Starting service [Tomcat]
2022-03-24 14:56:18.684 INFO  org.apache.catalina.core.StandardEngine           :173  [32m                  [0;39m Starting Servlet engine: [Apache Tomcat/9.0.58]
2022-03-24 14:56:18.735 INFO  o.a.c.core.ContainerBase.[Tomcat].[localhost].[/] :173  [32m                  [0;39m Initializing Spring embedded WebApplicationContext
2022-03-24 14:56:18.735 INFO  o.s.b.w.s.c.ServletWebServerApplicationContext    :290  [32m                  [0;39m Root WebApplicationContext: initialization completed in 535 ms
2022-03-24 14:56:18.890 INFO  org.apache.coyote.http11.Http11NioProtocol        :173  [32m                  [0;39m Starting ProtocolHandler ["http-nio-8080"]
2022-03-24 14:56:18.899 INFO  o.s.boot.web.embedded.tomcat.TomcatWebServer      :220  [32m                  [0;39m Tomcat started on port(s): 8080 (http) with context path ''
2022-03-24 14:56:18.905 INFO  com.dawn.wiki.config.WikiApplication                     :61   [32m                  [0;39m Started WikiApplication in 1.008 seconds (JVM running for 1.558)
2022-03-24 14:56:18.906 INFO  com.dawn.wiki.config.WikiApplication                     :17   [32m                  [0;39m 启动成功！！！
2022-03-24 14:56:18.906 INFO  com.dawn.wiki.config.WikiApplication                     :18   [32m                  [0;39m 地址：	http://127.0.0.1:8080
2022-03-24 14:57:32.395 INFO  o.a.c.core.ContainerBase.[Tomcat].[localhost].[/] :173  [32m                  [0;39m Initializing Spring DispatcherServlet 'dispatcherServlet'
2022-03-24 14:57:32.396 INFO  org.springframework.web.servlet.DispatcherServlet :525  [32m                  [0;39m Initializing Servlet 'dispatcherServlet'
2022-03-24 14:57:32.397 INFO  org.springframework.web.servlet.DispatcherServlet :547  [32m                  [0;39m Completed initialization in 1 ms
2022-03-24 15:15:53.366 INFO  com.dawn.wiki.config.WikiApplication              :55   [32m                  [0;39m Starting WikiApplication using Java 1.8.0_301 on LAPTOP-OAE5FSJP with PID 3728 (D:\IdeaProjects\wiki\target\classes started by 12614 in D:\IdeaProjects\wiki)
2022-03-24 15:15:53.368 INFO  com.dawn.wiki.config.WikiApplication              :640  [32m                  [0;39m No active profile set, falling back to 1 default profile: "default"
2022-03-24 15:15:53.752 INFO  o.s.boot.web.embedded.tomcat.TomcatWebServer      :108  [32m                  [0;39m Tomcat initialized with port(s): 8080 (http)
2022-03-24 15:15:53.756 INFO  org.apache.coyote.http11.Http11NioProtocol        :173  [32m                  [0;39m Initializing ProtocolHandler ["http-nio-8080"]
2022-03-24 15:15:53.757 INFO  org.apache.catalina.core.StandardService          :173  [32m                  [0;39m Starting service [Tomcat]
2022-03-24 15:15:53.757 INFO  org.apache.catalina.core.StandardEngine           :173  [32m                  [0;39m Starting Servlet engine: [Apache Tomcat/9.0.58]
2022-03-24 15:15:53.796 INFO  o.a.c.core.ContainerBase.[Tomcat].[localhost].[/] :173  [32m                  [0;39m Initializing Spring embedded WebApplicationContext
2022-03-24 15:15:53.796 INFO  o.s.b.w.s.c.ServletWebServerApplicationContext    :290  [32m                  [0;39m Root WebApplicationContext: initialization completed in 405 ms
2022-03-24 15:15:53.938 INFO  org.apache.coyote.http11.Http11NioProtocol        :173  [32m                  [0;39m Starting ProtocolHandler ["http-nio-8080"]
2022-03-24 15:15:53.946 INFO  o.s.boot.web.embedded.tomcat.TomcatWebServer      :220  [32m                  [0;39m Tomcat started on port(s): 8080 (http) with context path ''
2022-03-24 15:15:53.951 INFO  com.dawn.wiki.config.WikiApplication              :61   [32m                  [0;39m Started WikiApplication in 0.809 seconds (JVM running for 1.274)
2022-03-24 15:15:53.953 INFO  com.dawn.wiki.config.WikiApplication              :17   [32m                  [0;39m 启动成功！！！
2022-03-24 15:15:53.953 INFO  com.dawn.wiki.config.WikiApplication              :18   [32m                  [0;39m 地址：	http://127.0.0.1:8080
2022-03-24 15:19:36.668 INFO  com.dawn.wiki.config.WikiApplication              :55   [32m                  [0;39m Starting WikiApplication using Java 1.8.0_301 on LAPTOP-OAE5FSJP with PID 8520 (D:\IdeaProjects\wiki\target\classes started by 12614 in D:\IdeaProjects\wiki)
2022-03-24 15:19:36.670 INFO  com.dawn.wiki.config.WikiApplication              :640  [32m                  [0;39m No active profile set, falling back to 1 default profile: "default"
2022-03-24 15:19:37.067 INFO  o.s.boot.web.embedded.tomcat.TomcatWebServer      :108  [32m                  [0;39m Tomcat initialized with port(s): 8080 (http)
2022-03-24 15:19:37.071 INFO  org.apache.coyote.http11.Http11NioProtocol        :173  [32m                  [0;39m Initializing ProtocolHandler ["http-nio-8080"]
2022-03-24 15:19:37.072 INFO  org.apache.catalina.core.StandardService          :173  [32m                  [0;39m Starting service [Tomcat]
2022-03-24 15:19:37.072 INFO  org.apache.catalina.core.StandardEngine           :173  [32m                  [0;39m Starting Servlet engine: [Apache Tomcat/9.0.58]
2022-03-24 15:19:37.113 INFO  o.a.c.core.ContainerBase.[Tomcat].[localhost].[/] :173  [32m                  [0;39m Initializing Spring embedded WebApplicationContext
2022-03-24 15:19:37.113 INFO  o.s.b.w.s.c.ServletWebServerApplicationContext    :290  [32m                  [0;39m Root WebApplicationContext: initialization completed in 421 ms
2022-03-24 15:19:37.254 INFO  org.apache.coyote.http11.Http11NioProtocol        :173  [32m                  [0;39m Starting ProtocolHandler ["http-nio-8080"]
2022-03-24 15:19:37.263 INFO  o.s.boot.web.embedded.tomcat.TomcatWebServer      :220  [32m                  [0;39m Tomcat started on port(s): 8080 (http) with context path ''
2022-03-24 15:19:37.268 INFO  com.dawn.wiki.config.WikiApplication              :61   [32m                  [0;39m Started WikiApplication in 0.818 seconds (JVM running for 1.284)
2022-03-24 15:19:37.269 INFO  com.dawn.wiki.config.WikiApplication              :20   [32m                  [0;39m 启动成功！！！
2022-03-24 15:19:37.269 INFO  com.dawn.wiki.config.WikiApplication              :21   [32m                  [0;39m 地址：	http://127.0.0.1:8080
2022-03-24 15:20:05.307 INFO  o.a.c.core.ContainerBase.[Tomcat].[localhost].[/] :173  [32m                  [0;39m Initializing Spring DispatcherServlet 'dispatcherServlet'
2022-03-24 15:20:05.308 INFO  org.springframework.web.servlet.DispatcherServlet :525  [32m                  [0;39m Initializing Servlet 'dispatcherServlet'
2022-03-24 15:20:05.308 INFO  org.springframework.web.servlet.DispatcherServlet :547  [32m                  [0;39m Completed initialization in 0 ms
